Build started 17/12/2025 21:15:14.
     1>Project "D:\DOWNLOAD\Base\ORI\02-Base D3D K2 Fadhiil Awasome\02-Base D3D K2 Fadhiil Awasome\02-Base D3D K2 Fadhiil Awasome.vcxproj" on node 2 (build target(s)).
     1>InitializeBuildStatus:
         Touching "Release\02-Base D3D K2 Fadhiil Awasome.unsuccessfulbuild".
       ClCompile:
         C:\Program Files (x86)\Microsoft Visual Studio 10.0\VC\bin\CL.exe /c /Zi /nologo /W3 /WX- /O2 /Oi /Oy- /GL /D _WINDLL /D _MBCS /Gm- /EHsc /MD /GS /Gy /fp:precise /Zc:wchar_t /Zc:forScope /Fo"Release\\" /Fd"Release\vc100.pdb" /Gd /TP /analyze- /errorReport:prompt main.cpp
         main.cpp
       Link:
         C:\Program Files (x86)\Microsoft Visual Studio 10.0\VC\bin\link.exe /ERRORREPORT:PROMPT /OUT:"D:\DOWNLOAD\Base\ORI\02-Base D3D K2 Fadhiil Awasome\Release\02-Base D3D K2 Fadhiil Awasome.dll" /NOLOGO kernel32.lib user32.lib gdi32.lib winspool.lib comdlg32.lib advapi32.lib shell32.lib ole32.lib oleaut32.lib uuid.lib odbc32.lib odbccp32.lib /MANIFEST /ManifestFile:"Release\02-Base D3D K2 Fadhiil Awasome.dll.intermediate.manifest" /MANIFESTUAC:"level='asInvoker' uiAccess='false'" /DEBUG /PDB:"D:\DOWNLOAD\Base\ORI\02-Base D3D K2 Fadhiil Awasome\Release\02-Base D3D K2 Fadhiil Awasome.pdb" /OPT:REF /OPT:ICF /LTCG /TLBID:1 /DYNAMICBASE /NXCOMPAT /IMPLIB:"D:\DOWNLOAD\Base\ORI\02-Base D3D K2 Fadhiil Awasome\Release\02-Base D3D K2 Fadhiil Awasome.lib" /MACHINE:X86 /DLL Release\main.obj
     1>LINK : fatal error LNK1104: cannot open file 'D:\DOWNLOAD\Base\ORI\02-Base D3D K2 Fadhiil Awasome\Release\02-Base D3D K2 Fadhiil Awasome.dll'
     1>Done Building Project "D:\DOWNLOAD\Base\ORI\02-Base D3D K2 Fadhiil Awasome\02-Base D3D K2 Fadhiil Awasome\02-Base D3D K2 Fadhiil Awasome.vcxproj" (build target(s)) -- FAILED.

Build FAILED.

Time Elapsed 00:00:01.68
